[2022-06-21 13:47:32Z INFO HostContext] No proxy settings were found based on environmental variables (http_proxy/https_proxy/HTTP_PROXY/HTTPS_PROXY)
[2022-06-21 13:47:32Z INFO HostContext] Well known directory 'Bin': '/home/pi/git_workspaces2/assignment-1-aams86/actions-runner/bin'
[2022-06-21 13:47:32Z INFO HostContext] Well known directory 'Root': '/home/pi/git_workspaces2/assignment-1-aams86/actions-runner'
[2022-06-21 13:47:32Z INFO HostContext] Well known config file 'Credentials': '/home/pi/git_workspaces2/assignment-1-aams86/actions-runner/.credentials'
[2022-06-21 13:47:32Z INFO HostContext] Well known directory 'Bin': '/home/pi/git_workspaces2/assignment-1-aams86/actions-runner/bin'
[2022-06-21 13:47:32Z INFO HostContext] Well known directory 'Root': '/home/pi/git_workspaces2/assignment-1-aams86/actions-runner'
[2022-06-21 13:47:32Z INFO HostContext] Well known config file 'Runner': '/home/pi/git_workspaces2/assignment-1-aams86/actions-runner/.runner'
[2022-06-21 13:47:32Z INFO Listener] Runner is built for Linux (Arm) - linux-arm.
[2022-06-21 13:47:32Z INFO Listener] RuntimeInformation: Linux 5.4.0-1052-raspi #58-Ubuntu SMP PREEMPT Mon Feb 7 16:56:27 UTC 2022.
[2022-06-21 13:47:32Z INFO Listener] Version: 2.293.0
[2022-06-21 13:47:32Z INFO Listener] Commit: 7785d8e1045339fbc88b92c9b506d35ed2b7523c
[2022-06-21 13:47:32Z INFO Listener] Culture: 
[2022-06-21 13:47:32Z INFO Listener] UI Culture: 
[2022-06-21 13:47:32Z INFO HostContext] Well known directory 'Bin': '/home/pi/git_workspaces2/assignment-1-aams86/actions-runner/bin'
[2022-06-21 13:47:32Z INFO HostContext] Well known directory 'Root': '/home/pi/git_workspaces2/assignment-1-aams86/actions-runner'
[2022-06-21 13:47:32Z INFO Listener] Validating directory permissions for: '/home/pi/git_workspaces2/assignment-1-aams86/actions-runner'
[2022-06-21 13:47:32Z INFO CommandLineParser] Parse
[2022-06-21 13:47:32Z INFO CommandLineParser] Parsing 1 args
[2022-06-21 13:47:32Z INFO CommandLineParser] parsing argument
[2022-06-21 13:47:32Z INFO CommandLineParser] HasArgs: False
[2022-06-21 13:47:32Z INFO CommandLineParser] Adding Command: run
[2022-06-21 13:47:32Z INFO Listener] Arguments parsed
[2022-06-21 13:47:32Z INFO Runner] ExecuteCommand
[2022-06-21 13:47:32Z INFO ConfigurationStore] currentAssemblyLocation: /home/pi/git_workspaces2/assignment-1-aams86/actions-runner/bin/Runner.Listener.dll
[2022-06-21 13:47:32Z INFO HostContext] Well known directory 'Bin': '/home/pi/git_workspaces2/assignment-1-aams86/actions-runner/bin'
[2022-06-21 13:47:32Z INFO ConfigurationStore] binPath: /home/pi/git_workspaces2/assignment-1-aams86/actions-runner/bin
[2022-06-21 13:47:32Z INFO HostContext] Well known directory 'Bin': '/home/pi/git_workspaces2/assignment-1-aams86/actions-runner/bin'
[2022-06-21 13:47:32Z INFO HostContext] Well known directory 'Root': '/home/pi/git_workspaces2/assignment-1-aams86/actions-runner'
[2022-06-21 13:47:32Z INFO ConfigurationStore] RootFolder: /home/pi/git_workspaces2/assignment-1-aams86/actions-runner
[2022-06-21 13:47:32Z INFO HostContext] Well known directory 'Bin': '/home/pi/git_workspaces2/assignment-1-aams86/actions-runner/bin'
[2022-06-21 13:47:32Z INFO HostContext] Well known directory 'Root': '/home/pi/git_workspaces2/assignment-1-aams86/actions-runner'
[2022-06-21 13:47:32Z INFO HostContext] Well known config file 'Runner': '/home/pi/git_workspaces2/assignment-1-aams86/actions-runner/.runner'
[2022-06-21 13:47:32Z INFO ConfigurationStore] ConfigFilePath: /home/pi/git_workspaces2/assignment-1-aams86/actions-runner/.runner
[2022-06-21 13:47:32Z INFO HostContext] Well known directory 'Bin': '/home/pi/git_workspaces2/assignment-1-aams86/actions-runner/bin'
[2022-06-21 13:47:32Z INFO HostContext] Well known directory 'Root': '/home/pi/git_workspaces2/assignment-1-aams86/actions-runner'
[2022-06-21 13:47:32Z INFO HostContext] Well known config file 'Credentials': '/home/pi/git_workspaces2/assignment-1-aams86/actions-runner/.credentials'
[2022-06-21 13:47:32Z INFO ConfigurationStore] CredFilePath: /home/pi/git_workspaces2/assignment-1-aams86/actions-runner/.credentials
[2022-06-21 13:47:32Z INFO HostContext] Well known directory 'Bin': '/home/pi/git_workspaces2/assignment-1-aams86/actions-runner/bin'
[2022-06-21 13:47:32Z INFO HostContext] Well known directory 'Root': '/home/pi/git_workspaces2/assignment-1-aams86/actions-runner'
[2022-06-21 13:47:32Z INFO HostContext] Well known config file 'MigratedCredentials': '/home/pi/git_workspaces2/assignment-1-aams86/actions-runner/.credentials_migrated'
[2022-06-21 13:47:32Z INFO ConfigurationStore] MigratedCredFilePath: /home/pi/git_workspaces2/assignment-1-aams86/actions-runner/.credentials_migrated
[2022-06-21 13:47:32Z INFO HostContext] Well known directory 'Bin': '/home/pi/git_workspaces2/assignment-1-aams86/actions-runner/bin'
[2022-06-21 13:47:32Z INFO HostContext] Well known directory 'Root': '/home/pi/git_workspaces2/assignment-1-aams86/actions-runner'
[2022-06-21 13:47:32Z INFO HostContext] Well known config file 'Service': '/home/pi/git_workspaces2/assignment-1-aams86/actions-runner/.service'
[2022-06-21 13:47:32Z INFO ConfigurationStore] ServiceConfigFilePath: /home/pi/git_workspaces2/assignment-1-aams86/actions-runner/.service
[2022-06-21 13:47:32Z INFO CommandSettings] Flag 'help': 'False'
[2022-06-21 13:47:32Z INFO CommandSettings] Flag 'version': 'False'
[2022-06-21 13:47:32Z INFO CommandSettings] Flag 'commit': 'False'
[2022-06-21 13:47:32Z INFO CommandSettings] Flag 'check': 'False'
[2022-06-21 13:47:32Z INFO CommandSettings] Command 'configure': 'False'
[2022-06-21 13:47:32Z INFO CommandSettings] Command 'remove': 'False'
[2022-06-21 13:47:32Z INFO CommandSettings] Command 'warmup': 'False'
[2022-06-21 13:47:32Z INFO ConfigurationManager] LoadSettings
[2022-06-21 13:47:32Z INFO ConfigurationStore] IsConfigured()
[2022-06-21 13:47:32Z INFO ConfigurationStore] IsConfigured: True
[2022-06-21 13:47:32Z INFO ConfigurationManager] Is configured: True
[2022-06-21 13:47:32Z INFO ConfigurationStore] Read setting file: 295 chars
[2022-06-21 13:47:32Z INFO ConfigurationManager] Settings Loaded
[2022-06-21 13:47:32Z INFO ConfigurationStore] IsServiceConfigured()
[2022-06-21 13:47:32Z INFO ConfigurationStore] IsServiceConfigured: False
[2022-06-21 13:47:32Z INFO CommandSettings] Command 'run': 'True'
[2022-06-21 13:47:32Z INFO ConfigurationStore] IsConfigured()
[2022-06-21 13:47:32Z INFO ConfigurationStore] IsConfigured: True
[2022-06-21 13:47:32Z INFO ConfigurationManager] Is configured: True
[2022-06-21 13:47:32Z INFO Runner] Could not parse the argument value '' for StartupType. Defaulting to Manual
[2022-06-21 13:47:32Z INFO Runner] Set runner startup type - Manual
[2022-06-21 13:47:32Z INFO CommandSettings] Flag 'once': 'False'
[2022-06-21 13:47:32Z INFO CommandSettings] Flag 'once': 'False'
[2022-06-21 13:47:32Z INFO Runner] RunAsync
[2022-06-21 13:47:33Z INFO ConfigurationManager] LoadSettings
[2022-06-21 13:47:33Z INFO ConfigurationStore] IsConfigured()
[2022-06-21 13:47:33Z INFO ConfigurationStore] IsConfigured: True
[2022-06-21 13:47:33Z INFO ConfigurationManager] Is configured: True
[2022-06-21 13:47:33Z INFO ConfigurationManager] Settings Loaded
[2022-06-21 13:47:33Z INFO MessageListener] {
  "AgentId": 2,
  "AgentName": "rpi002",
  "PoolId": 1,
  "PoolName": "Default",
  "ServerUrl": "https://pipelines.actions.githubusercontent.com/cw1SAbqTS8M4zd0euK7xNDFzwnTfh5lv3fAV5wVJNsGUywFrEi",
  "GitHubUrl": "https://github.com/cu-ecen-aeld/assignment-2-aams86",
  "WorkFolder": "_work"
}
[2022-06-21 13:47:33Z INFO MessageListener] Loading Credentials
[2022-06-21 13:47:33Z INFO ConfigurationStore] HasCredentials()
[2022-06-21 13:47:33Z INFO ConfigurationStore] stored True
[2022-06-21 13:47:33Z INFO CredentialManager] GetCredentialProvider
[2022-06-21 13:47:33Z INFO CredentialManager] Creating type OAuth
[2022-06-21 13:47:33Z INFO CredentialManager] Creating credential type: OAuth
[2022-06-21 13:47:33Z INFO HostContext] Well known directory 'Bin': '/home/pi/git_workspaces2/assignment-1-aams86/actions-runner/bin'
[2022-06-21 13:47:33Z INFO HostContext] Well known directory 'Root': '/home/pi/git_workspaces2/assignment-1-aams86/actions-runner'
[2022-06-21 13:47:33Z INFO HostContext] Well known config file 'RSACredentials': '/home/pi/git_workspaces2/assignment-1-aams86/actions-runner/.credentials_rsaparams'
[2022-06-21 13:47:33Z INFO RSAFileKeyManager] Loading RSA key parameters from file /home/pi/git_workspaces2/assignment-1-aams86/actions-runner/.credentials_rsaparams
[2022-06-21 13:47:33Z INFO MessageListener] Attempt to create session.
[2022-06-21 13:47:33Z INFO MessageListener] Connecting to the Runner Server...
[2022-06-21 13:47:33Z INFO RunnerServer] Establish connection with 100 seconds timeout.
[2022-06-21 13:47:33Z INFO GitHubActionsService] Starting operation Location.GetConnectionData
[2022-06-21 13:47:33Z INFO RunnerServer] Establish connection with 60 seconds timeout.
[2022-06-21 13:47:33Z INFO GitHubActionsService] Starting operation Location.GetConnectionData
[2022-06-21 13:47:33Z INFO RunnerServer] Establish connection with 60 seconds timeout.
[2022-06-21 13:47:33Z INFO GitHubActionsService] Starting operation Location.GetConnectionData
[2022-06-21 13:47:34Z INFO GitHubActionsService] Finished operation Location.GetConnectionData
[2022-06-21 13:47:34Z INFO GitHubActionsService] Finished operation Location.GetConnectionData
[2022-06-21 13:47:34Z INFO GitHubActionsService] Finished operation Location.GetConnectionData
[2022-06-21 13:47:34Z INFO MessageListener] VssConnection created
[2022-06-21 13:47:34Z INFO Terminal] WRITE LINE: 
[2022-06-21 13:47:34Z INFO Terminal] WRITE LINE: 
[2022-06-21 13:47:34Z WARN GitHubActionsService] Authentication failed with status code 401.
Transfer-Encoding: chunked
WWW-Authenticate: Bearer
Strict-Transport-Security: max-age=2592000
X-TFS-ProcessId: 0a6e1f8c-990e-44d7-b82c-555660548bfe
ActivityId: d94ac518-4653-4d2c-9e5c-1b5ebb979de2
X-TFS-Session: cd8eb619-ee60-47bb-8f3c-1518be0a4979
X-VSS-E2EID: cc3e8b99-85bf-4811-86a4-100b6c5e6e05
X-VSS-SenderDeploymentId: fc1cfc90-fc40-edcb-6d0f-3b1380ee7b68
X-TFS-ServiceError: The+user+%27System%3aPublicAccess%3baaaaaaaa-aaaa-aaaa-aaaa-aaaaaaaaaaaa%27+is+not+authorized+to+access+this+resource.
X-VSS-S2STargetService: 0000005A-0000-8888-8000-000000000000/visualstudio.com
X-Cache: CONFIG_NOCACHE
X-MSEdge-Ref: Ref A: 9BCE6D5FCCC54ACB8BD3472067A10160 Ref B: LAX311000109007 Ref C: 2022-06-21T13:47:34Z
Date: Tue, 21 Jun 2022 13:47:34 GMT

[2022-06-21 13:47:35Z INFO RSAFileKeyManager] Loading RSA key parameters from file /home/pi/git_workspaces2/assignment-1-aams86/actions-runner/.credentials_rsaparams
[2022-06-21 13:47:35Z INFO RSAFileKeyManager] Loading RSA key parameters from file /home/pi/git_workspaces2/assignment-1-aams86/actions-runner/.credentials_rsaparams
[2022-06-21 13:47:35Z INFO GitHubActionsService] AAD Correlation ID for this token request: Unknown
[2022-06-21 13:47:35Z INFO MessageListener] Session created.
[2022-06-21 13:47:35Z INFO Terminal] WRITE LINE: Current runner version: '2.293.0'
[2022-06-21 13:47:35Z INFO Terminal] WRITE LINE: 2022-06-21 13:47:35Z: Listening for Jobs
[2022-06-21 13:47:35Z INFO JobDispatcher] Set runner/worker IPC timeout to 30 seconds.
[2022-06-21 14:17:43Z INFO MessageListener] No message retrieved from session '1b150d6d-0810-48a5-9293-22ea0721f4de' within last 30 minutes.
[2022-06-21 14:42:49Z WARN GitHubActionsService] Authentication failed with status code 401.
Transfer-Encoding: chunked
WWW-Authenticate: Bearer
Strict-Transport-Security: max-age=2592000
X-TFS-ProcessId: 08e47fde-25e7-4c99-b3dd-40ae49246369
ActivityId: ea628ece-fac0-4db4-a5ad-f9ccfbe71147
X-TFS-Session: cd8eb619-ee60-47bb-8f3c-1518be0a4979
X-VSS-E2EID: d500f03e-14e3-4116-9ac9-890819e4fef6
X-VSS-SenderDeploymentId: fc1cfc90-fc40-edcb-6d0f-3b1380ee7b68
X-TFS-ServiceError: The+user+%27System%3aPublicAccess%3baaaaaaaa-aaaa-aaaa-aaaa-aaaaaaaaaaaa%27+is+not+authorized+to+access+this+resource.
X-VSS-S2STargetService: 0000005A-0000-8888-8000-000000000000/visualstudio.com
X-Cache: CONFIG_NOCACHE
X-MSEdge-Ref: Ref A: 5522201471C9412EAAD4C01215DD52FE Ref B: LAX311000109007 Ref C: 2022-06-21T14:42:49Z
Date: Tue, 21 Jun 2022 14:42:48 GMT

[2022-06-21 14:42:49Z INFO RSAFileKeyManager] Loading RSA key parameters from file /home/pi/git_workspaces2/assignment-1-aams86/actions-runner/.credentials_rsaparams
[2022-06-21 14:42:49Z INFO GitHubActionsService] AAD Correlation ID for this token request: Unknown
[2022-06-21 14:47:50Z INFO MessageListener] No message retrieved from session '1b150d6d-0810-48a5-9293-22ea0721f4de' within last 30 minutes.
[2022-06-21 15:17:58Z INFO MessageListener] No message retrieved from session '1b150d6d-0810-48a5-9293-22ea0721f4de' within last 30 minutes.
[2022-06-21 15:38:03Z WARN GitHubActionsService] Authentication failed with status code 401.
Transfer-Encoding: chunked
WWW-Authenticate: Bearer
Strict-Transport-Security: max-age=2592000
X-TFS-ProcessId: f9063663-5d2c-4d94-9ce6-79d3d80879fc
ActivityId: b6a033e1-f272-4563-9206-41efc2b75799
X-TFS-Session: cd8eb619-ee60-47bb-8f3c-1518be0a4979
X-VSS-E2EID: 3df1a0fd-370a-4deb-9fb4-758e7b1fc0ba
X-VSS-SenderDeploymentId: fc1cfc90-fc40-edcb-6d0f-3b1380ee7b68
X-TFS-ServiceError: The+user+%27System%3aPublicAccess%3baaaaaaaa-aaaa-aaaa-aaaa-aaaaaaaaaaaa%27+is+not+authorized+to+access+this+resource.
X-VSS-S2STargetService: 0000005A-0000-8888-8000-000000000000/visualstudio.com
X-Cache: CONFIG_NOCACHE
X-MSEdge-Ref: Ref A: C97F4E6ADD7C48AF863DE55372AD19B7 Ref B: LAX311000109007 Ref C: 2022-06-21T15:38:03Z
Date: Tue, 21 Jun 2022 15:38:02 GMT

[2022-06-21 15:38:03Z INFO RSAFileKeyManager] Loading RSA key parameters from file /home/pi/git_workspaces2/assignment-1-aams86/actions-runner/.credentials_rsaparams
[2022-06-21 15:38:03Z INFO GitHubActionsService] AAD Correlation ID for this token request: Unknown
[2022-06-21 15:48:06Z INFO MessageListener] No message retrieved from session '1b150d6d-0810-48a5-9293-22ea0721f4de' within last 30 minutes.
[2022-06-21 16:18:13Z INFO MessageListener] No message retrieved from session '1b150d6d-0810-48a5-9293-22ea0721f4de' within last 30 minutes.
[2022-06-21 16:33:17Z WARN GitHubActionsService] Authentication failed with status code 401.
Transfer-Encoding: chunked
WWW-Authenticate: Bearer
Strict-Transport-Security: max-age=2592000
X-TFS-ProcessId: b1e0701c-9187-49b8-ac8e-e6655fbd01b5
ActivityId: fff5ee70-a541-4bb5-b3e9-64fb2590c87d
X-TFS-Session: cd8eb619-ee60-47bb-8f3c-1518be0a4979
X-VSS-E2EID: 69803a62-069d-4f13-b041-9f579b77f5af
X-VSS-SenderDeploymentId: fc1cfc90-fc40-edcb-6d0f-3b1380ee7b68
X-TFS-ServiceError: The+user+%27System%3aPublicAccess%3baaaaaaaa-aaaa-aaaa-aaaa-aaaaaaaaaaaa%27+is+not+authorized+to+access+this+resource.
X-VSS-S2STargetService: 0000005A-0000-8888-8000-000000000000/visualstudio.com
X-Cache: CONFIG_NOCACHE
X-MSEdge-Ref: Ref A: 0998DBE651A14CD0B176B6BDD6714EB0 Ref B: LAX311000109007 Ref C: 2022-06-21T16:33:17Z
Date: Tue, 21 Jun 2022 16:33:17 GMT

[2022-06-21 16:33:17Z INFO RSAFileKeyManager] Loading RSA key parameters from file /home/pi/git_workspaces2/assignment-1-aams86/actions-runner/.credentials_rsaparams
[2022-06-21 16:33:17Z INFO GitHubActionsService] AAD Correlation ID for this token request: Unknown
