[2022-06-21 13:40:58Z INFO HostContext] No proxy settings were found based on environmental variables (http_proxy/https_proxy/HTTP_PROXY/HTTPS_PROXY)
[2022-06-21 13:40:58Z INFO HostContext] Well known directory 'Bin': '/home/pi/git_workspaces2/assignment-1-aams86/actions-runner/bin'
[2022-06-21 13:40:58Z INFO HostContext] Well known directory 'Root': '/home/pi/git_workspaces2/assignment-1-aams86/actions-runner'
[2022-06-21 13:40:58Z INFO HostContext] Well known config file 'Credentials': '/home/pi/git_workspaces2/assignment-1-aams86/actions-runner/.credentials'
[2022-06-21 13:40:58Z INFO HostContext] Well known directory 'Bin': '/home/pi/git_workspaces2/assignment-1-aams86/actions-runner/bin'
[2022-06-21 13:40:58Z INFO HostContext] Well known directory 'Root': '/home/pi/git_workspaces2/assignment-1-aams86/actions-runner'
[2022-06-21 13:40:58Z INFO HostContext] Well known config file 'Runner': '/home/pi/git_workspaces2/assignment-1-aams86/actions-runner/.runner'
[2022-06-21 13:40:59Z INFO Listener] Runner is built for Linux (Arm) - linux-arm.
[2022-06-21 13:40:59Z INFO Listener] RuntimeInformation: Linux 5.4.0-1052-raspi #58-Ubuntu SMP PREEMPT Mon Feb 7 16:56:27 UTC 2022.
[2022-06-21 13:40:59Z INFO Listener] Version: 2.293.0
[2022-06-21 13:40:59Z INFO Listener] Commit: 7785d8e1045339fbc88b92c9b506d35ed2b7523c
[2022-06-21 13:40:59Z INFO Listener] Culture: 
[2022-06-21 13:40:59Z INFO Listener] UI Culture: 
[2022-06-21 13:40:59Z INFO HostContext] Well known directory 'Bin': '/home/pi/git_workspaces2/assignment-1-aams86/actions-runner/bin'
[2022-06-21 13:40:59Z INFO HostContext] Well known directory 'Root': '/home/pi/git_workspaces2/assignment-1-aams86/actions-runner'
[2022-06-21 13:40:59Z INFO Listener] Validating directory permissions for: '/home/pi/git_workspaces2/assignment-1-aams86/actions-runner'
[2022-06-21 13:40:59Z INFO CommandLineParser] Parse
[2022-06-21 13:40:59Z INFO CommandLineParser] Parsing 1 args
[2022-06-21 13:40:59Z INFO CommandLineParser] parsing argument
[2022-06-21 13:40:59Z INFO CommandLineParser] HasArgs: False
[2022-06-21 13:40:59Z INFO CommandLineParser] Adding Command: run
[2022-06-21 13:40:59Z INFO Listener] Arguments parsed
[2022-06-21 13:40:59Z INFO Runner] ExecuteCommand
[2022-06-21 13:40:59Z INFO ConfigurationStore] currentAssemblyLocation: /home/pi/git_workspaces2/assignment-1-aams86/actions-runner/bin/Runner.Listener.dll
[2022-06-21 13:40:59Z INFO HostContext] Well known directory 'Bin': '/home/pi/git_workspaces2/assignment-1-aams86/actions-runner/bin'
[2022-06-21 13:40:59Z INFO ConfigurationStore] binPath: /home/pi/git_workspaces2/assignment-1-aams86/actions-runner/bin
[2022-06-21 13:40:59Z INFO HostContext] Well known directory 'Bin': '/home/pi/git_workspaces2/assignment-1-aams86/actions-runner/bin'
[2022-06-21 13:40:59Z INFO HostContext] Well known directory 'Root': '/home/pi/git_workspaces2/assignment-1-aams86/actions-runner'
[2022-06-21 13:40:59Z INFO ConfigurationStore] RootFolder: /home/pi/git_workspaces2/assignment-1-aams86/actions-runner
[2022-06-21 13:40:59Z INFO HostContext] Well known directory 'Bin': '/home/pi/git_workspaces2/assignment-1-aams86/actions-runner/bin'
[2022-06-21 13:40:59Z INFO HostContext] Well known directory 'Root': '/home/pi/git_workspaces2/assignment-1-aams86/actions-runner'
[2022-06-21 13:40:59Z INFO HostContext] Well known config file 'Runner': '/home/pi/git_workspaces2/assignment-1-aams86/actions-runner/.runner'
[2022-06-21 13:40:59Z INFO ConfigurationStore] ConfigFilePath: /home/pi/git_workspaces2/assignment-1-aams86/actions-runner/.runner
[2022-06-21 13:40:59Z INFO HostContext] Well known directory 'Bin': '/home/pi/git_workspaces2/assignment-1-aams86/actions-runner/bin'
[2022-06-21 13:40:59Z INFO HostContext] Well known directory 'Root': '/home/pi/git_workspaces2/assignment-1-aams86/actions-runner'
[2022-06-21 13:40:59Z INFO HostContext] Well known config file 'Credentials': '/home/pi/git_workspaces2/assignment-1-aams86/actions-runner/.credentials'
[2022-06-21 13:40:59Z INFO ConfigurationStore] CredFilePath: /home/pi/git_workspaces2/assignment-1-aams86/actions-runner/.credentials
[2022-06-21 13:40:59Z INFO HostContext] Well known directory 'Bin': '/home/pi/git_workspaces2/assignment-1-aams86/actions-runner/bin'
[2022-06-21 13:40:59Z INFO HostContext] Well known directory 'Root': '/home/pi/git_workspaces2/assignment-1-aams86/actions-runner'
[2022-06-21 13:40:59Z INFO HostContext] Well known config file 'MigratedCredentials': '/home/pi/git_workspaces2/assignment-1-aams86/actions-runner/.credentials_migrated'
[2022-06-21 13:40:59Z INFO ConfigurationStore] MigratedCredFilePath: /home/pi/git_workspaces2/assignment-1-aams86/actions-runner/.credentials_migrated
[2022-06-21 13:40:59Z INFO HostContext] Well known directory 'Bin': '/home/pi/git_workspaces2/assignment-1-aams86/actions-runner/bin'
[2022-06-21 13:40:59Z INFO HostContext] Well known directory 'Root': '/home/pi/git_workspaces2/assignment-1-aams86/actions-runner'
[2022-06-21 13:40:59Z INFO HostContext] Well known config file 'Service': '/home/pi/git_workspaces2/assignment-1-aams86/actions-runner/.service'
[2022-06-21 13:40:59Z INFO ConfigurationStore] ServiceConfigFilePath: /home/pi/git_workspaces2/assignment-1-aams86/actions-runner/.service
[2022-06-21 13:40:59Z INFO CommandSettings] Flag 'help': 'False'
[2022-06-21 13:40:59Z INFO CommandSettings] Flag 'version': 'False'
[2022-06-21 13:40:59Z INFO CommandSettings] Flag 'commit': 'False'
[2022-06-21 13:40:59Z INFO CommandSettings] Flag 'check': 'False'
[2022-06-21 13:40:59Z INFO CommandSettings] Command 'configure': 'False'
[2022-06-21 13:40:59Z INFO CommandSettings] Command 'remove': 'False'
[2022-06-21 13:40:59Z INFO CommandSettings] Command 'warmup': 'False'
[2022-06-21 13:40:59Z INFO ConfigurationManager] LoadSettings
[2022-06-21 13:40:59Z INFO ConfigurationStore] IsConfigured()
[2022-06-21 13:40:59Z INFO ConfigurationStore] IsConfigured: True
[2022-06-21 13:40:59Z INFO ConfigurationManager] Is configured: True
[2022-06-21 13:40:59Z INFO ConfigurationStore] Read setting file: 295 chars
[2022-06-21 13:40:59Z INFO ConfigurationManager] Settings Loaded
[2022-06-21 13:40:59Z INFO ConfigurationStore] IsServiceConfigured()
[2022-06-21 13:40:59Z INFO ConfigurationStore] IsServiceConfigured: False
[2022-06-21 13:40:59Z INFO CommandSettings] Command 'run': 'True'
[2022-06-21 13:40:59Z INFO ConfigurationStore] IsConfigured()
[2022-06-21 13:40:59Z INFO ConfigurationStore] IsConfigured: True
[2022-06-21 13:40:59Z INFO ConfigurationManager] Is configured: True
[2022-06-21 13:40:59Z INFO Runner] Could not parse the argument value '' for StartupType. Defaulting to Manual
[2022-06-21 13:40:59Z INFO Runner] Set runner startup type - Manual
[2022-06-21 13:40:59Z INFO CommandSettings] Flag 'once': 'False'
[2022-06-21 13:40:59Z INFO CommandSettings] Flag 'once': 'False'
[2022-06-21 13:40:59Z INFO Runner] RunAsync
[2022-06-21 13:40:59Z INFO ConfigurationManager] LoadSettings
[2022-06-21 13:40:59Z INFO ConfigurationStore] IsConfigured()
[2022-06-21 13:40:59Z INFO ConfigurationStore] IsConfigured: True
[2022-06-21 13:40:59Z INFO ConfigurationManager] Is configured: True
[2022-06-21 13:40:59Z INFO ConfigurationManager] Settings Loaded
[2022-06-21 13:40:59Z INFO MessageListener] {
  "AgentId": 2,
  "AgentName": "rpi002",
  "PoolId": 1,
  "PoolName": "Default",
  "ServerUrl": "https://pipelines.actions.githubusercontent.com/cw1SAbqTS8M4zd0euK7xNDFzwnTfh5lv3fAV5wVJNsGUywFrEi",
  "GitHubUrl": "https://github.com/cu-ecen-aeld/assignment-2-aams86",
  "WorkFolder": "_work"
}
[2022-06-21 13:40:59Z INFO MessageListener] Loading Credentials
[2022-06-21 13:40:59Z INFO ConfigurationStore] HasCredentials()
[2022-06-21 13:40:59Z INFO ConfigurationStore] stored True
[2022-06-21 13:40:59Z INFO CredentialManager] GetCredentialProvider
[2022-06-21 13:40:59Z INFO CredentialManager] Creating type OAuth
[2022-06-21 13:40:59Z INFO CredentialManager] Creating credential type: OAuth
[2022-06-21 13:40:59Z INFO HostContext] Well known directory 'Bin': '/home/pi/git_workspaces2/assignment-1-aams86/actions-runner/bin'
[2022-06-21 13:40:59Z INFO HostContext] Well known directory 'Root': '/home/pi/git_workspaces2/assignment-1-aams86/actions-runner'
[2022-06-21 13:40:59Z INFO HostContext] Well known config file 'RSACredentials': '/home/pi/git_workspaces2/assignment-1-aams86/actions-runner/.credentials_rsaparams'
[2022-06-21 13:40:59Z INFO RSAFileKeyManager] Loading RSA key parameters from file /home/pi/git_workspaces2/assignment-1-aams86/actions-runner/.credentials_rsaparams
[2022-06-21 13:40:59Z INFO MessageListener] Attempt to create session.
[2022-06-21 13:40:59Z INFO MessageListener] Connecting to the Runner Server...
[2022-06-21 13:40:59Z INFO RunnerServer] Establish connection with 100 seconds timeout.
[2022-06-21 13:40:59Z INFO GitHubActionsService] Starting operation Location.GetConnectionData
[2022-06-21 13:40:59Z INFO RunnerServer] Establish connection with 60 seconds timeout.
[2022-06-21 13:40:59Z INFO GitHubActionsService] Starting operation Location.GetConnectionData
[2022-06-21 13:40:59Z INFO RunnerServer] Establish connection with 60 seconds timeout.
[2022-06-21 13:40:59Z INFO GitHubActionsService] Starting operation Location.GetConnectionData
[2022-06-21 13:41:00Z INFO GitHubActionsService] Finished operation Location.GetConnectionData
[2022-06-21 13:41:00Z INFO GitHubActionsService] Finished operation Location.GetConnectionData
[2022-06-21 13:41:00Z INFO GitHubActionsService] Finished operation Location.GetConnectionData
[2022-06-21 13:41:00Z INFO MessageListener] VssConnection created
[2022-06-21 13:41:00Z INFO Terminal] WRITE LINE: 
[2022-06-21 13:41:00Z INFO Terminal] WRITE LINE: 
[2022-06-21 13:41:01Z WARN GitHubActionsService] Authentication failed with status code 401.
Transfer-Encoding: chunked
WWW-Authenticate: Bearer
Strict-Transport-Security: max-age=2592000
X-TFS-ProcessId: b1e0701c-9187-49b8-ac8e-e6655fbd01b5
ActivityId: ff9aff5e-a541-4bb5-b3e9-64fb2590c87d
X-TFS-Session: 8aa89caf-39aa-4b17-bf44-550c038befac
X-VSS-E2EID: 93af72e1-49ac-4ddd-a171-b0ddd1cfaa58
X-VSS-SenderDeploymentId: fc1cfc90-fc40-edcb-6d0f-3b1380ee7b68
X-TFS-ServiceError: The+user+%27System%3aPublicAccess%3baaaaaaaa-aaaa-aaaa-aaaa-aaaaaaaaaaaa%27+is+not+authorized+to+access+this+resource.
X-VSS-S2STargetService: 0000005A-0000-8888-8000-000000000000/visualstudio.com
X-Cache: CONFIG_NOCACHE
X-MSEdge-Ref: Ref A: 6D95C6F7FABA49FBBA1ACC7D133B3DD2 Ref B: LAX311000113007 Ref C: 2022-06-21T13:41:01Z
Date: Tue, 21 Jun 2022 13:41:00 GMT

[2022-06-21 13:41:01Z INFO RSAFileKeyManager] Loading RSA key parameters from file /home/pi/git_workspaces2/assignment-1-aams86/actions-runner/.credentials_rsaparams
[2022-06-21 13:41:01Z INFO RSAFileKeyManager] Loading RSA key parameters from file /home/pi/git_workspaces2/assignment-1-aams86/actions-runner/.credentials_rsaparams
[2022-06-21 13:41:01Z INFO GitHubActionsService] AAD Correlation ID for this token request: Unknown
[2022-06-21 13:41:01Z INFO MessageListener] Session created.
[2022-06-21 13:41:01Z INFO Terminal] WRITE LINE: Current runner version: '2.293.0'
[2022-06-21 13:41:01Z INFO Terminal] WRITE LINE: 2022-06-21 13:41:01Z: Listening for Jobs
[2022-06-21 13:41:01Z INFO JobDispatcher] Set runner/worker IPC timeout to 30 seconds.
[2022-06-21 13:47:27Z INFO Terminal] WRITE LINE: Exiting...
[2022-06-21 13:47:27Z INFO ConfigurationStore] IsServiceConfigured()
[2022-06-21 13:47:27Z INFO ConfigurationStore] IsServiceConfigured: False
[2022-06-21 13:47:27Z INFO HostContext] Runner will be shutdown for UserCancelled
[2022-06-21 13:47:27Z WARN GitHubActionsService] GET request to https://pipelines.actions.githubusercontent.com/cw1SAbqTS8M4zd0euK7xNDFzwnTfh5lv3fAV5wVJNsGUywFrEi/_apis/distributedtask/pools/1/messages?sessionId=7ed6d239-3cb7-4431-b1d0-1e380ce90285 has been cancelled.
[2022-06-21 13:47:27Z INFO MessageListener] Get next message has been cancelled.
[2022-06-21 13:47:27Z INFO JobDispatcher] Shutting down JobDispatcher. Make sure all WorkerDispatcher has finished.
[2022-06-21 13:47:28Z INFO Listener] Runner execution been cancelled.
